Using pre-set license
Built from '2021.3/staging' branch; Version is '2021.3.9f1 (ad3870b89536) revision 11352176'; Using compiler version '192829333'; Build Type 'Release'
OS: 'Windows 10  (10.0.19045) 64bit Core' Language: 'en' Physical Memory: 16248 MB
BatchMode: 1, IsHumanControllingUs: 0, StartBugReporterOnCrash: 0, Is64bit: 1, IsPro: 1

COMMAND LINE ARGUMENTS:
C:\Program Files\Unity\Hub\Editor\2021.3.9f1\Editor\Unity.exe
-adb2
-batchMode
-noUpm
-name
AssetImportWorker2
-projectPath
C:/Users/matth/Desktop/Unity Projects/BrackeysJam2023/Brackeys-Jam-2023-Diving-Deep/Brackeys Jam 2023
-logFile
Logs/AssetImportWorker2.log
-srvPort
51815
Successfully changed project path to: C:/Users/matth/Desktop/Unity Projects/BrackeysJam2023/Brackeys-Jam-2023-Diving-Deep/Brackeys Jam 2023
C:/Users/matth/Desktop/Unity Projects/BrackeysJam2023/Brackeys-Jam-2023-Diving-Deep/Brackeys Jam 2023
[UnityMemory] Configuration Parameters - Can be set up in boot.config
    "memorysetup-bucket-allocator-granularity=16"
    "memorysetup-bucket-allocator-bucket-count=8"
    "memorysetup-bucket-allocator-block-size=33554432"
    "memorysetup-bucket-allocator-block-count=8"
    "memorysetup-main-allocator-block-size=16777216"
    "memorysetup-thread-allocator-block-size=16777216"
    "memorysetup-gfx-main-allocator-block-size=16777216"
    "memorysetup-gfx-thread-allocator-block-size=16777216"
    "memorysetup-cache-allocator-block-size=4194304"
    "memorysetup-typetree-allocator-block-size=2097152"
    "memorysetup-profiler-bucket-allocator-granularity=16"
    "memorysetup-profiler-bucket-allocator-bucket-count=8"
    "memorysetup-profiler-bucket-allocator-block-size=33554432"
    "memorysetup-profiler-bucket-allocator-block-count=8"
    "memorysetup-profiler-allocator-block-size=16777216"
    "memorysetup-profiler-editor-allocator-block-size=1048576"
    "memorysetup-temp-allocator-size-main=16777216"
    "memorysetup-job-temp-allocator-block-size=2097152"
    "memorysetup-job-temp-allocator-block-size-background=1048576"
    "memorysetup-job-temp-allocator-reduction-small-platforms=262144"
    "memorysetup-temp-allocator-size-background-worker=32768"
    "memorysetup-temp-allocator-size-job-worker=262144"
    "memorysetup-temp-allocator-size-preload-manager=33554432"
    "memorysetup-temp-allocator-size-nav-mesh-worker=65536"
    "memorysetup-temp-allocator-size-audio-worker=65536"
    "memorysetup-temp-allocator-size-cloud-worker=32768"
    "memorysetup-temp-allocator-size-gi-baking-worker=262144"
    "memorysetup-temp-allocator-size-gfx=262144"
Refreshing native plugins compatible for Editor in 148.31 ms, found 4 plugins.
Preloading 0 native plugins for Editor in 0.00 ms.
Initialize engine version: 2021.3.9f1 (ad3870b89536)
[Subsystems] Discovering subsystems at path C:/Program Files/Unity/Hub/Editor/2021.3.9f1/Editor/Data/Resources/UnitySubsystems
[Subsystems] Discovering subsystems at path C:/Users/matth/Desktop/Unity Projects/BrackeysJam2023/Brackeys-Jam-2023-Diving-Deep/Brackeys Jam 2023/Assets
GfxDevice: creating device client; threaded=0; jobified=0
Direct3D:
    Version:  Direct3D 11.0 [level 11.1]
    Renderer: NVIDIA GeForce GTX 1660 Ti (ID=0x2191)
    Vendor:   NVIDIA
    VRAM:     5979 MB
    Driver:   31.0.15.2698
Initialize mono
Mono path[0] = 'C:/Program Files/Unity/Hub/Editor/2021.3.9f1/Editor/Data/Managed'
Mono path[1] = 'C:/Program Files/Unity/Hub/Editor/2021.3.9f1/Editor/Data/MonoBleedingEdge/lib/mono/unityjit-win32'
Mono config path = 'C:/Program Files/Unity/Hub/Editor/2021.3.9f1/Editor/Data/MonoBleedingEdge/etc'
Using monoOptions --debugger-agent=transport=dt_socket,embedding=1,server=y,suspend=n,address=127.0.0.1:56780
Begin MonoManager ReloadAssembly
Registering precompiled unity dll's ...
Register platform support module: C:/Program Files/Unity/Hub/Editor/2021.3.9f1/Editor/Data/PlaybackEngines/WindowsStandaloneSupport/UnityEditor.WindowsStandalone.Extensions.dll
Registered in 0.008037 seconds.
Native extension for WindowsStandalone target not found
Refreshing native plugins compatible for Editor in 138.79 ms, found 4 plugins.
Preloading 0 native plugins for Editor in 0.00 ms.
Mono: successfully reloaded assembly
- Completed reload, in  0.768 seconds
Domain Reload Profiling:
	ReloadAssembly (769ms)
		BeginReloadAssembly (77ms)
			ExecutionOrderSort (0ms)
			DisableScriptedObjects (0ms)
			BackupInstance (0ms)
			ReleaseScriptingObjects (0ms)
			CreateAndSetChildDomain (1ms)
		EndReloadAssembly (577ms)
			LoadAssemblies (74ms)
			RebuildTransferFunctionScriptingTraits (0ms)
			SetupTypeCache (103ms)
			ReleaseScriptCaches (0ms)
			RebuildScriptCaches (29ms)
			SetupLoadedEditorAssemblies (391ms)
				LogAssemblyErrors (0ms)
				InitializePlatformSupportModulesInManaged (8ms)
				SetLoadedEditorAssemblies (0ms)
				RefreshPlugins (139ms)
				BeforeProcessingInitializeOnLoad (1ms)
				ProcessInitializeOnLoadAttributes (173ms)
				ProcessInitializeOnLoadMethodAttributes (70ms)
				AfterProcessingInitializeOnLoad (0ms)
				EditorAssembliesLoaded (0ms)
			ExecutionOrderSort2 (0ms)
			AwakeInstancesAfterBackupRestoration (0ms)
Platform modules already initialized, skipping
Registering precompiled user dll's ...
Registered in 0.010368 seconds.
Begin MonoManager ReloadAssembly
Symbol file LoadedFromMemory doesn't match image C:\Users\matth\Desktop\Unity Projects\BrackeysJam2023\Brackeys-Jam-2023-Diving-Deep\Brackeys Jam 2023\Library\PackageCache\com.unity.visualscripting@1.7.8\Editor\VisualScripting.Core\Dependencies\YamlDotNet\Unity.VisualScripting.YamlDotNet.dll
Symbol file LoadedFromMemory doesn't match image C:\Users\matth\Desktop\Unity Projects\BrackeysJam2023\Brackeys-Jam-2023-Diving-Deep\Brackeys Jam 2023\Library\PackageCache\com.unity.visualscripting@1.7.8\Editor\VisualScripting.Core\Dependencies\DotNetZip\Unity.VisualScripting.IonicZip.dll
Native extension for WindowsStandalone target not found
Refreshing native plugins compatible for Editor in 117.56 ms, found 4 plugins.
Preloading 0 native plugins for Editor in 0.00 ms.
Mono: successfully reloaded assembly
- Completed reload, in  1.369 seconds
Domain Reload Profiling:
	ReloadAssembly (1370ms)
		BeginReloadAssembly (113ms)
			ExecutionOrderSort (0ms)
			DisableScriptedObjects (6ms)
			BackupInstance (0ms)
			ReleaseScriptingObjects (0ms)
			CreateAndSetChildDomain (19ms)
		EndReloadAssembly (1136ms)
			LoadAssemblies (96ms)
			RebuildTransferFunctionScriptingTraits (0ms)
			SetupTypeCache (269ms)
			ReleaseScriptCaches (1ms)
			RebuildScriptCaches (62ms)
			SetupLoadedEditorAssemblies (657ms)
				LogAssemblyErrors (0ms)
				InitializePlatformSupportModulesInManaged (5ms)
				SetLoadedEditorAssemblies (0ms)
				RefreshPlugins (118ms)
				BeforeProcessingInitializeOnLoad (143ms)
				ProcessInitializeOnLoadAttributes (280ms)
				ProcessInitializeOnLoadMethodAttributes (103ms)
				AfterProcessingInitializeOnLoad (9ms)
				EditorAssembliesLoaded (0ms)
			ExecutionOrderSort2 (0ms)
			AwakeInstancesAfterBackupRestoration (6ms)
Platform modules already initialized, skipping
========================================================================
Worker process is ready to serve import requests
Launched and connected shader compiler UnityShaderCompiler.exe after 0.04 seconds
Refreshing native plugins compatible for Editor in 0.99 ms, found 4 plugins.
Preloading 0 native plugins for Editor in 0.00 ms.
Unloading 5554 Unused Serialized files (Serialized files now loaded: 0)
Unloading 54 unused Assets / (1.1 MB). Loaded Objects now: 6012.
Memory consumption went from 232.4 MB to 231.3 MB.
Total: 5.093000 ms (FindLiveObjects: 0.693900 ms CreateObjectMapping: 0.438200 ms MarkObjects: 3.217600 ms  DeleteObjects: 0.742300 ms)

AssetImportParameters requested are different than current active one (requested -> active):
  custom:video-decoder-ogg-theora: a1e56fd34408186e4bbccfd4996cb3dc -> 
  custom:container-muxer-webm: aa71ff27fc2769a1b78a27578f13a17b -> 
  custom:container-demuxer-webm: 4f35f7cbe854078d1ac9338744f61a02 -> 
  custom:video-encoder-webm-vp8: eb34c28f22e8b96e1ab97ce403110664 -> 
  custom:audio-encoder-webm-vorbis: bf7c407c2cedff20999df2af8eb42d56 -> 
  custom:framework-win-MediaFoundation: 216162199b28c13a410421893ffa2e32 -> 
  custom:container-demuxer-ogg: 62fdf1f143b41e24485cea50d1cbac27 -> 
  custom:video-decoder-webm-vp8: 9c59270c3fd7afecdb556c50c9e8de78 -> 
  custom:audio-decoder-ogg-vorbis: bf7c407c2cedff20999df2af8eb42d56 -> 
========================================================================
Received Import Request.
  Time since last request: 247140.207902 seconds.
  path: Assets/Prefabs/Pickups/AtkBeerPickup.prefab
  artifactKey: Guid(bd4184211db893641aef0825a3f13895) Importer(815301076,1909f56bfc062723c751e8b465ee728b)
Start importing Assets/Prefabs/Pickups/AtkBeerPickup.prefab using Guid(bd4184211db893641aef0825a3f13895) Importer(815301076,1909f56bfc062723c751e8b465ee728b)  -> (artifact id: '2ea8026e724fb400e96a4b0e6f8962ef') in 0.256924 seconds 
========================================================================
Received Prepare
Registering precompiled user dll's ...
Registered in 0.010571 seconds.
Begin MonoManager ReloadAssembly
Symbol file LoadedFromMemory doesn't match image C:\Users\matth\Desktop\Unity Projects\BrackeysJam2023\Brackeys-Jam-2023-Diving-Deep\Brackeys Jam 2023\Library\PackageCache\com.unity.visualscripting@1.7.8\Editor\VisualScripting.Core\Dependencies\YamlDotNet\Unity.VisualScripting.YamlDotNet.dll
Symbol file LoadedFromMemory doesn't match image C:\Users\matth\Desktop\Unity Projects\BrackeysJam2023\Brackeys-Jam-2023-Diving-Deep\Brackeys Jam 2023\Library\PackageCache\com.unity.visualscripting@1.7.8\Editor\VisualScripting.Core\Dependencies\DotNetZip\Unity.VisualScripting.IonicZip.dll
Native extension for WindowsStandalone target not found
Refreshing native plugins compatible for Editor in 1.01 ms, found 4 plugins.
Preloading 0 native plugins for Editor in 0.00 ms.
Mono: successfully reloaded assembly
- Completed reload, in  1.707 seconds
Domain Reload Profiling:
	ReloadAssembly (1708ms)
		BeginReloadAssembly (189ms)
			ExecutionOrderSort (0ms)
			DisableScriptedObjects (9ms)
			BackupInstance (0ms)
			ReleaseScriptingObjects (0ms)
			CreateAndSetChildDomain (56ms)
		EndReloadAssembly (1331ms)
			LoadAssemblies (145ms)
			RebuildTransferFunctionScriptingTraits (0ms)
			SetupTypeCache (429ms)
			ReleaseScriptCaches (2ms)
			RebuildScriptCaches (73ms)
			SetupLoadedEditorAssemblies (586ms)
				LogAssemblyErrors (0ms)
				InitializePlatformSupportModulesInManaged (17ms)
				SetLoadedEditorAssemblies (1ms)
				RefreshPlugins (1ms)
				BeforeProcessingInitializeOnLoad (122ms)
				ProcessInitializeOnLoadAttributes (317ms)
				ProcessInitializeOnLoadMethodAttributes (116ms)
				AfterProcessingInitializeOnLoad (12ms)
				EditorAssembliesLoaded (0ms)
			ExecutionOrderSort2 (0ms)
			AwakeInstancesAfterBackupRestoration (16ms)
Platform modules already initialized, skipping
Refreshing native plugins compatible for Editor in 5.13 ms, found 4 plugins.
Preloading 0 native plugins for Editor in 0.00 ms.
Unloading 5428 Unused Serialized files (Serialized files now loaded: 0)
Unloading 42 unused Assets / (1.1 MB). Loaded Objects now: 6066.
Memory consumption went from 230.1 MB to 229.0 MB.
Total: 5.950200 ms (FindLiveObjects: 0.439000 ms CreateObjectMapping: 0.412600 ms MarkObjects: 4.425200 ms  DeleteObjects: 0.672300 ms)

AssetImportParameters requested are different than current active one (requested -> active):
  custom:video-decoder-ogg-theora: a1e56fd34408186e4bbccfd4996cb3dc -> 
  custom:container-muxer-webm: aa71ff27fc2769a1b78a27578f13a17b -> 
  custom:container-demuxer-webm: 4f35f7cbe854078d1ac9338744f61a02 -> 
  custom:video-encoder-webm-vp8: eb34c28f22e8b96e1ab97ce403110664 -> 
  custom:audio-encoder-webm-vorbis: bf7c407c2cedff20999df2af8eb42d56 -> 
  custom:framework-win-MediaFoundation: 216162199b28c13a410421893ffa2e32 -> 
  custom:container-demuxer-ogg: 62fdf1f143b41e24485cea50d1cbac27 -> 
  custom:video-decoder-webm-vp8: 9c59270c3fd7afecdb556c50c9e8de78 -> 
  custom:audio-decoder-ogg-vorbis: bf7c407c2cedff20999df2af8eb42d56 -> 
========================================================================
Received Prepare
Registering precompiled user dll's ...
Registered in 0.012003 seconds.
Begin MonoManager ReloadAssembly
Symbol file LoadedFromMemory doesn't match image C:\Users\matth\Desktop\Unity Projects\BrackeysJam2023\Brackeys-Jam-2023-Diving-Deep\Brackeys Jam 2023\Library\PackageCache\com.unity.visualscripting@1.7.8\Editor\VisualScripting.Core\Dependencies\YamlDotNet\Unity.VisualScripting.YamlDotNet.dll
Symbol file LoadedFromMemory doesn't match image C:\Users\matth\Desktop\Unity Projects\BrackeysJam2023\Brackeys-Jam-2023-Diving-Deep\Brackeys Jam 2023\Library\PackageCache\com.unity.visualscripting@1.7.8\Editor\VisualScripting.Core\Dependencies\DotNetZip\Unity.VisualScripting.IonicZip.dll
Native extension for WindowsStandalone target not found
Refreshing native plugins compatible for Editor in 1.02 ms, found 4 plugins.
Preloading 0 native plugins for Editor in 0.00 ms.
Mono: successfully reloaded assembly
- Completed reload, in  1.336 seconds
Domain Reload Profiling:
	ReloadAssembly (1337ms)
		BeginReloadAssembly (160ms)
			ExecutionOrderSort (0ms)
			DisableScriptedObjects (8ms)
			BackupInstance (0ms)
			ReleaseScriptingObjects (0ms)
			CreateAndSetChildDomain (49ms)
		EndReloadAssembly (1057ms)
			LoadAssemblies (112ms)
			RebuildTransferFunctionScriptingTraits (0ms)
			SetupTypeCache (317ms)
			ReleaseScriptCaches (2ms)
			RebuildScriptCaches (60ms)
			SetupLoadedEditorAssemblies (479ms)
				LogAssemblyErrors (0ms)
				InitializePlatformSupportModulesInManaged (15ms)
				SetLoadedEditorAssemblies (1ms)
				RefreshPlugins (1ms)
				BeforeProcessingInitializeOnLoad (107ms)
				ProcessInitializeOnLoadAttributes (254ms)
				ProcessInitializeOnLoadMethodAttributes (90ms)
				AfterProcessingInitializeOnLoad (11ms)
				EditorAssembliesLoaded (0ms)
			ExecutionOrderSort2 (0ms)
			AwakeInstancesAfterBackupRestoration (13ms)
Platform modules already initialized, skipping
Refreshing native plugins compatible for Editor in 3.49 ms, found 4 plugins.
Preloading 0 native plugins for Editor in 0.00 ms.
Unloading 5428 Unused Serialized files (Serialized files now loaded: 0)
Unloading 42 unused Assets / (1.1 MB). Loaded Objects now: 6069.
Memory consumption went from 230.1 MB to 229.0 MB.
Total: 4.917200 ms (FindLiveObjects: 0.458000 ms CreateObjectMapping: 0.440700 ms MarkObjects: 3.479600 ms  DeleteObjects: 0.537900 ms)

AssetImportParameters requested are different than current active one (requested -> active):
  custom:video-decoder-ogg-theora: a1e56fd34408186e4bbccfd4996cb3dc -> 
  custom:container-muxer-webm: aa71ff27fc2769a1b78a27578f13a17b -> 
  custom:container-demuxer-webm: 4f35f7cbe854078d1ac9338744f61a02 -> 
  custom:video-encoder-webm-vp8: eb34c28f22e8b96e1ab97ce403110664 -> 
  custom:audio-encoder-webm-vorbis: bf7c407c2cedff20999df2af8eb42d56 -> 
  custom:framework-win-MediaFoundation: 216162199b28c13a410421893ffa2e32 -> 
  custom:container-demuxer-ogg: 62fdf1f143b41e24485cea50d1cbac27 -> 
  custom:video-decoder-webm-vp8: 9c59270c3fd7afecdb556c50c9e8de78 -> 
  custom:audio-decoder-ogg-vorbis: bf7c407c2cedff20999df2af8eb42d56 -> 
========================================================================
Received Prepare
Registering precompiled user dll's ...
Registered in 0.011199 seconds.
Begin MonoManager ReloadAssembly
Symbol file LoadedFromMemory doesn't match image C:\Users\matth\Desktop\Unity Projects\BrackeysJam2023\Brackeys-Jam-2023-Diving-Deep\Brackeys Jam 2023\Library\PackageCache\com.unity.visualscripting@1.7.8\Editor\VisualScripting.Core\Dependencies\YamlDotNet\Unity.VisualScripting.YamlDotNet.dll
Symbol file LoadedFromMemory doesn't match image C:\Users\matth\Desktop\Unity Projects\BrackeysJam2023\Brackeys-Jam-2023-Diving-Deep\Brackeys Jam 2023\Library\PackageCache\com.unity.visualscripting@1.7.8\Editor\VisualScripting.Core\Dependencies\DotNetZip\Unity.VisualScripting.IonicZip.dll
Native extension for WindowsStandalone target not found
Refreshing native plugins compatible for Editor in 0.86 ms, found 4 plugins.
Preloading 0 native plugins for Editor in 0.00 ms.
Mono: successfully reloaded assembly
- Completed reload, in  1.333 seconds
Domain Reload Profiling:
	ReloadAssembly (1334ms)
		BeginReloadAssembly (156ms)
			ExecutionOrderSort (0ms)
			DisableScriptedObjects (8ms)
			BackupInstance (0ms)
			ReleaseScriptingObjects (0ms)
			CreateAndSetChildDomain (40ms)
		EndReloadAssembly (1046ms)
			LoadAssemblies (118ms)
			RebuildTransferFunctionScriptingTraits (0ms)
			SetupTypeCache (319ms)
			ReleaseScriptCaches (2ms)
			RebuildScriptCaches (61ms)
			SetupLoadedEditorAssemblies (469ms)
				LogAssemblyErrors (0ms)
				InitializePlatformSupportModulesInManaged (13ms)
				SetLoadedEditorAssemblies (0ms)
				RefreshPlugins (1ms)
				BeforeProcessingInitializeOnLoad (104ms)
				ProcessInitializeOnLoadAttributes (246ms)
				ProcessInitializeOnLoadMethodAttributes (96ms)
				AfterProcessingInitializeOnLoad (10ms)
				EditorAssembliesLoaded (0ms)
			ExecutionOrderSort2 (0ms)
			AwakeInstancesAfterBackupRestoration (13ms)
Platform modules already initialized, skipping
Refreshing native plugins compatible for Editor in 3.04 ms, found 4 plugins.
Preloading 0 native plugins for Editor in 0.00 ms.
Unloading 5428 Unused Serialized files (Serialized files now loaded: 0)
Unloading 42 unused Assets / (1.1 MB). Loaded Objects now: 6072.
Memory consumption went from 230.0 MB to 228.9 MB.
Total: 4.259700 ms (FindLiveObjects: 0.463900 ms CreateObjectMapping: 0.637000 ms MarkObjects: 2.633400 ms  DeleteObjects: 0.524800 ms)

AssetImportParameters requested are different than current active one (requested -> active):
  custom:video-decoder-ogg-theora: a1e56fd34408186e4bbccfd4996cb3dc -> 
  custom:container-muxer-webm: aa71ff27fc2769a1b78a27578f13a17b -> 
  custom:container-demuxer-webm: 4f35f7cbe854078d1ac9338744f61a02 -> 
  custom:video-encoder-webm-vp8: eb34c28f22e8b96e1ab97ce403110664 -> 
  custom:audio-encoder-webm-vorbis: bf7c407c2cedff20999df2af8eb42d56 -> 
  custom:framework-win-MediaFoundation: 216162199b28c13a410421893ffa2e32 -> 
  custom:container-demuxer-ogg: 62fdf1f143b41e24485cea50d1cbac27 -> 
  custom:video-decoder-webm-vp8: 9c59270c3fd7afecdb556c50c9e8de78 -> 
  custom:audio-decoder-ogg-vorbis: bf7c407c2cedff20999df2af8eb42d56 -> 
========================================================================
Received Prepare
Registering precompiled user dll's ...
Registered in 0.009502 seconds.
Begin MonoManager ReloadAssembly
Symbol file LoadedFromMemory doesn't match image C:\Users\matth\Desktop\Unity Projects\BrackeysJam2023\Brackeys-Jam-2023-Diving-Deep\Brackeys Jam 2023\Library\PackageCache\com.unity.visualscripting@1.7.8\Editor\VisualScripting.Core\Dependencies\YamlDotNet\Unity.VisualScripting.YamlDotNet.dll
Symbol file LoadedFromMemory doesn't match image C:\Users\matth\Desktop\Unity Projects\BrackeysJam2023\Brackeys-Jam-2023-Diving-Deep\Brackeys Jam 2023\Library\PackageCache\com.unity.visualscripting@1.7.8\Editor\VisualScripting.Core\Dependencies\DotNetZip\Unity.VisualScripting.IonicZip.dll
Native extension for WindowsStandalone target not found
Refreshing native plugins compatible for Editor in 1.01 ms, found 4 plugins.
Preloading 0 native plugins for Editor in 0.00 ms.
Mono: successfully reloaded assembly
- Completed reload, in  1.463 seconds
Domain Reload Profiling:
	ReloadAssembly (1464ms)
		BeginReloadAssembly (168ms)
			ExecutionOrderSort (0ms)
			DisableScriptedObjects (13ms)
			BackupInstance (0ms)
			ReleaseScriptingObjects (0ms)
			CreateAndSetChildDomain (42ms)
		EndReloadAssembly (1168ms)
			LoadAssemblies (130ms)
			RebuildTransferFunctionScriptingTraits (0ms)
			SetupTypeCache (331ms)
			ReleaseScriptCaches (2ms)
			RebuildScriptCaches (62ms)
			SetupLoadedEditorAssemblies (553ms)
				LogAssemblyErrors (0ms)
				InitializePlatformSupportModulesInManaged (15ms)
				SetLoadedEditorAssemblies (1ms)
				RefreshPlugins (1ms)
				BeforeProcessingInitializeOnLoad (120ms)
				ProcessInitializeOnLoadAttributes (295ms)
				ProcessInitializeOnLoadMethodAttributes (108ms)
				AfterProcessingInitializeOnLoad (12ms)
				EditorAssembliesLoaded (0ms)
			ExecutionOrderSort2 (0ms)
			AwakeInstancesAfterBackupRestoration (16ms)
Platform modules already initialized, skipping
Refreshing native plugins compatible for Editor in 3.84 ms, found 4 plugins.
Preloading 0 native plugins for Editor in 0.00 ms.
Unloading 5428 Unused Serialized files (Serialized files now loaded: 0)
Unloading 42 unused Assets / (1.1 MB). Loaded Objects now: 6075.
Memory consumption went from 230.0 MB to 228.9 MB.
Total: 4.959200 ms (FindLiveObjects: 0.476700 ms CreateObjectMapping: 0.492500 ms MarkObjects: 3.203100 ms  DeleteObjects: 0.785900 ms)

AssetImportParameters requested are different than current active one (requested -> active):
  custom:video-decoder-ogg-theora: a1e56fd34408186e4bbccfd4996cb3dc -> 
  custom:container-muxer-webm: aa71ff27fc2769a1b78a27578f13a17b -> 
  custom:container-demuxer-webm: 4f35f7cbe854078d1ac9338744f61a02 -> 
  custom:video-encoder-webm-vp8: eb34c28f22e8b96e1ab97ce403110664 -> 
  custom:audio-encoder-webm-vorbis: bf7c407c2cedff20999df2af8eb42d56 -> 
  custom:framework-win-MediaFoundation: 216162199b28c13a410421893ffa2e32 -> 
  custom:container-demuxer-ogg: 62fdf1f143b41e24485cea50d1cbac27 -> 
  custom:video-decoder-webm-vp8: 9c59270c3fd7afecdb556c50c9e8de78 -> 
  custom:audio-decoder-ogg-vorbis: bf7c407c2cedff20999df2af8eb42d56 -> 
========================================================================
Received Prepare
Registering precompiled user dll's ...
Registered in 0.008793 seconds.
Begin MonoManager ReloadAssembly
Symbol file LoadedFromMemory doesn't match image C:\Users\matth\Desktop\Unity Projects\BrackeysJam2023\Brackeys-Jam-2023-Diving-Deep\Brackeys Jam 2023\Library\PackageCache\com.unity.visualscripting@1.7.8\Editor\VisualScripting.Core\Dependencies\YamlDotNet\Unity.VisualScripting.YamlDotNet.dll
Symbol file LoadedFromMemory doesn't match image C:\Users\matth\Desktop\Unity Projects\BrackeysJam2023\Brackeys-Jam-2023-Diving-Deep\Brackeys Jam 2023\Library\PackageCache\com.unity.visualscripting@1.7.8\Editor\VisualScripting.Core\Dependencies\DotNetZip\Unity.VisualScripting.IonicZip.dll
Native extension for WindowsStandalone target not found
Refreshing native plugins compatible for Editor in 1.03 ms, found 4 plugins.
Preloading 0 native plugins for Editor in 0.00 ms.
Mono: successfully reloaded assembly
- Completed reload, in  1.330 seconds
Domain Reload Profiling:
	ReloadAssembly (1331ms)
		BeginReloadAssembly (153ms)
			ExecutionOrderSort (0ms)
			DisableScriptedObjects (8ms)
			BackupInstance (0ms)
			ReleaseScriptingObjects (0ms)
			CreateAndSetChildDomain (39ms)
		EndReloadAssembly (1055ms)
			LoadAssemblies (113ms)
			RebuildTransferFunctionScriptingTraits (0ms)
			SetupTypeCache (314ms)
			ReleaseScriptCaches (2ms)
			RebuildScriptCaches (59ms)
			SetupLoadedEditorAssemblies (479ms)
				LogAssemblyErrors (0ms)
				InitializePlatformSupportModulesInManaged (17ms)
				SetLoadedEditorAssemblies (1ms)
				RefreshPlugins (1ms)
				BeforeProcessingInitializeOnLoad (114ms)
				ProcessInitializeOnLoadAttributes (247ms)
				ProcessInitializeOnLoadMethodAttributes (90ms)
				AfterProcessingInitializeOnLoad (10ms)
				EditorAssembliesLoaded (0ms)
			ExecutionOrderSort2 (0ms)
			AwakeInstancesAfterBackupRestoration (15ms)
Platform modules already initialized, skipping
Refreshing native plugins compatible for Editor in 3.14 ms, found 4 plugins.
Preloading 0 native plugins for Editor in 0.00 ms.
Unloading 5428 Unused Serialized files (Serialized files now loaded: 0)
Unloading 42 unused Assets / (1.1 MB). Loaded Objects now: 6078.
Memory consumption went from 230.0 MB to 228.9 MB.
Total: 4.653900 ms (FindLiveObjects: 0.468700 ms CreateObjectMapping: 0.516100 ms MarkObjects: 3.116300 ms  DeleteObjects: 0.551700 ms)

AssetImportParameters requested are different than current active one (requested -> active):
  custom:video-decoder-ogg-theora: a1e56fd34408186e4bbccfd4996cb3dc -> 
  custom:container-muxer-webm: aa71ff27fc2769a1b78a27578f13a17b -> 
  custom:container-demuxer-webm: 4f35f7cbe854078d1ac9338744f61a02 -> 
  custom:video-encoder-webm-vp8: eb34c28f22e8b96e1ab97ce403110664 -> 
  custom:audio-encoder-webm-vorbis: bf7c407c2cedff20999df2af8eb42d56 -> 
  custom:framework-win-MediaFoundation: 216162199b28c13a410421893ffa2e32 -> 
  custom:container-demuxer-ogg: 62fdf1f143b41e24485cea50d1cbac27 -> 
  custom:video-decoder-webm-vp8: 9c59270c3fd7afecdb556c50c9e8de78 -> 
  custom:audio-decoder-ogg-vorbis: bf7c407c2cedff20999df2af8eb42d56 -> 
========================================================================
Received Prepare
Registering precompiled user dll's ...
Registered in 0.010223 seconds.
Begin MonoManager ReloadAssembly
Symbol file LoadedFromMemory doesn't match image C:\Users\matth\Desktop\Unity Projects\BrackeysJam2023\Brackeys-Jam-2023-Diving-Deep\Brackeys Jam 2023\Library\PackageCache\com.unity.visualscripting@1.7.8\Editor\VisualScripting.Core\Dependencies\YamlDotNet\Unity.VisualScripting.YamlDotNet.dll
Symbol file LoadedFromMemory doesn't match image C:\Users\matth\Desktop\Unity Projects\BrackeysJam2023\Brackeys-Jam-2023-Diving-Deep\Brackeys Jam 2023\Library\PackageCache\com.unity.visualscripting@1.7.8\Editor\VisualScripting.Core\Dependencies\DotNetZip\Unity.VisualScripting.IonicZip.dll
Native extension for WindowsStandalone target not found
Refreshing native plugins compatible for Editor in 1.09 ms, found 4 plugins.
Preloading 0 native plugins for Editor in 0.00 ms.
Mono: successfully reloaded assembly
- Completed reload, in  1.427 seconds
Domain Reload Profiling:
	ReloadAssembly (1427ms)
		BeginReloadAssembly (153ms)
			ExecutionOrderSort (0ms)
			DisableScriptedObjects (8ms)
			BackupInstance (0ms)
			ReleaseScriptingObjects (0ms)
			CreateAndSetChildDomain (42ms)
		EndReloadAssembly (1147ms)
			LoadAssemblies (117ms)
			RebuildTransferFunctionScriptingTraits (0ms)
			SetupTypeCache (323ms)
			ReleaseScriptCaches (3ms)
			RebuildScriptCaches (62ms)
			SetupLoadedEditorAssemblies (536ms)
				LogAssemblyErrors (0ms)
				InitializePlatformSupportModulesInManaged (14ms)
				SetLoadedEditorAssemblies (1ms)
				RefreshPlugins (1ms)
				BeforeProcessingInitializeOnLoad (118ms)
				ProcessInitializeOnLoadAttributes (284ms)
				ProcessInitializeOnLoadMethodAttributes (107ms)
				AfterProcessingInitializeOnLoad (11ms)
				EditorAssembliesLoaded (0ms)
			ExecutionOrderSort2 (0ms)
			AwakeInstancesAfterBackupRestoration (14ms)
Platform modules already initialized, skipping
Refreshing native plugins compatible for Editor in 3.29 ms, found 4 plugins.
Preloading 0 native plugins for Editor in 0.00 ms.
Unloading 5428 Unused Serialized files (Serialized files now loaded: 0)
Unloading 42 unused Assets / (1.1 MB). Loaded Objects now: 6081.
Memory consumption went from 230.0 MB to 228.9 MB.
Total: 5.505100 ms (FindLiveObjects: 0.474000 ms CreateObjectMapping: 0.364800 ms MarkObjects: 4.061500 ms  DeleteObjects: 0.604000 ms)

AssetImportParameters requested are different than current active one (requested -> active):
  custom:video-decoder-ogg-theora: a1e56fd34408186e4bbccfd4996cb3dc -> 
  custom:container-muxer-webm: aa71ff27fc2769a1b78a27578f13a17b -> 
  custom:container-demuxer-webm: 4f35f7cbe854078d1ac9338744f61a02 -> 
  custom:video-encoder-webm-vp8: eb34c28f22e8b96e1ab97ce403110664 -> 
  custom:audio-encoder-webm-vorbis: bf7c407c2cedff20999df2af8eb42d56 -> 
  custom:framework-win-MediaFoundation: 216162199b28c13a410421893ffa2e32 -> 
  custom:container-demuxer-ogg: 62fdf1f143b41e24485cea50d1cbac27 -> 
  custom:video-decoder-webm-vp8: 9c59270c3fd7afecdb556c50c9e8de78 -> 
  custom:audio-decoder-ogg-vorbis: bf7c407c2cedff20999df2af8eb42d56 -> 
========================================================================
Received Import Request.
  Time since last request: 634.455197 seconds.
  path: Assets/Palette/Game Palette.prefab
  artifactKey: Guid(f4f9fc300379ed2469e2f42a7bc4320c) Importer(815301076,1909f56bfc062723c751e8b465ee728b)
Start importing Assets/Palette/Game Palette.prefab using Guid(f4f9fc300379ed2469e2f42a7bc4320c) Importer(815301076,1909f56bfc062723c751e8b465ee728b)  -> (artifact id: 'e2d07ae6019a01096ca70f8fdb7a1fd9') in 0.228663 seconds 
========================================================================
Received Import Request.
  Time since last request: 2.427311 seconds.
  path: Assets/Palette/GamePalette/levelSpriteSheet_0.asset
  artifactKey: Guid(d8a4059037a855540a1c3a73aebb03b8) Importer(815301076,1909f56bfc062723c751e8b465ee728b)
Start importing Assets/Palette/GamePalette/levelSpriteSheet_0.asset using Guid(d8a4059037a855540a1c3a73aebb03b8) Importer(815301076,1909f56bfc062723c751e8b465ee728b)  -> (artifact id: '05d7f497a03bcb34794992dbe0ca5fc1') in 0.029073 seconds 
========================================================================
Received Import Request.
  Time since last request: 0.000026 seconds.
  path: Assets/Palette/GamePalette/levelSpriteSheet_7.asset
  artifactKey: Guid(99ff2e1c679c4e04e95ba0591e244d2c) Importer(815301076,1909f56bfc062723c751e8b465ee728b)
Start importing Assets/Palette/GamePalette/levelSpriteSheet_7.asset using Guid(99ff2e1c679c4e04e95ba0591e244d2c) Importer(815301076,1909f56bfc062723c751e8b465ee728b)  -> (artifact id: 'fb74ca4ccec8c217117af17de680ed34') in 0.009712 seconds 
========================================================================
Received Import Request.
  Time since last request: 0.000047 seconds.
  path: Assets/Palette/GamePalette/levelSpriteSheet_32.asset
  artifactKey: Guid(24506533a4b855b48a9ebd70fdfdcec0) Importer(815301076,1909f56bfc062723c751e8b465ee728b)
Start importing Assets/Palette/GamePalette/levelSpriteSheet_32.asset using Guid(24506533a4b855b48a9ebd70fdfdcec0) Importer(815301076,1909f56bfc062723c751e8b465ee728b)  -> (artifact id: 'cef20789b24b9350ee426f7e19029ff2') in 0.009977 seconds 
========================================================================
Received Import Request.
  Time since last request: 0.000022 seconds.
  path: Assets/Palette/GamePalette/levelSpriteSheet_15.asset
  artifactKey: Guid(f284196e45c95fa4fa25a26af4c439c5) Importer(815301076,1909f56bfc062723c751e8b465ee728b)
Start importing Assets/Palette/GamePalette/levelSpriteSheet_15.asset using Guid(f284196e45c95fa4fa25a26af4c439c5) Importer(815301076,1909f56bfc062723c751e8b465ee728b)  -> (artifact id: '19d264b16dcba2d2e35f79b47cc85be7') in 0.010171 seconds 
========================================================================
Received Import Request.
  Time since last request: 0.000023 seconds.
  path: Assets/Palette/GamePalette/levelSpriteSheet_40.asset
  artifactKey: Guid(af66380bdc778674cbe3d75a68b46162) Importer(815301076,1909f56bfc062723c751e8b465ee728b)
Start importing Assets/Palette/GamePalette/levelSpriteSheet_40.asset using Guid(af66380bdc778674cbe3d75a68b46162) Importer(815301076,1909f56bfc062723c751e8b465ee728b)  -> (artifact id: '132e965cb1202584a0bd24d6ecaeca4a') in 0.007347 seconds 
========================================================================
Received Import Request.
  Time since last request: 0.000023 seconds.
  path: Assets/Palette/GamePalette/levelSpriteSheet_58.asset
  artifactKey: Guid(dc086623ccee2a24a8091827e8de4a67) Importer(815301076,1909f56bfc062723c751e8b465ee728b)
Start importing Assets/Palette/GamePalette/levelSpriteSheet_58.asset using Guid(dc086623ccee2a24a8091827e8de4a67) Importer(815301076,1909f56bfc062723c751e8b465ee728b)  -> (artifact id: 'a873585808b9439f3a549eca946d6216') in 0.007943 seconds 
========================================================================
Received Import Request.
  Time since last request: 0.000022 seconds.
  path: Assets/Palette/GamePalette/levelSpriteSheet_38.asset
  artifactKey: Guid(2bae4368e5ebfdb4cbad67e363d0f73b) Importer(815301076,1909f56bfc062723c751e8b465ee728b)
Start importing Assets/Palette/GamePalette/levelSpriteSheet_38.asset using Guid(2bae4368e5ebfdb4cbad67e363d0f73b) Importer(815301076,1909f56bfc062723c751e8b465ee728b)  -> (artifact id: '377f0cbfeb1969f799017111ea6ed70c') in 0.010352 seconds 
========================================================================
Received Import Request.
  Time since last request: 0.000026 seconds.
  path: Assets/Palette/GamePalette/levelSpriteSheet_29.asset
  artifactKey: Guid(45640be4071948040964ac50e434580a) Importer(815301076,1909f56bfc062723c751e8b465ee728b)
Start importing Assets/Palette/GamePalette/levelSpriteSheet_29.asset using Guid(45640be4071948040964ac50e434580a) Importer(815301076,1909f56bfc062723c751e8b465ee728b)  -> (artifact id: '78221762c044645faf8a99e8cfda7bae') in 0.011408 seconds 
========================================================================
Received Import Request.
  Time since last request: 0.000036 seconds.
  path: Assets/Palette/GamePalette/levelSpriteSheet_51.asset
  artifactKey: Guid(c28a37db4bf9410498d0ea5a4e4f0725) Importer(815301076,1909f56bfc062723c751e8b465ee728b)
Start importing Assets/Palette/GamePalette/levelSpriteSheet_51.asset using Guid(c28a37db4bf9410498d0ea5a4e4f0725) Importer(815301076,1909f56bfc062723c751e8b465ee728b)  -> (artifact id: '47373bf2015b37ed77cdce584bc0238c') in 0.009859 seconds 
========================================================================
Received Import Request.
  Time since last request: 0.000029 seconds.
  path: Assets/Palette/GamePalette/levelSpriteSheet_13.asset
  artifactKey: Guid(9a68b3e91eb830b4c8e4427f59c0b1db) Importer(815301076,1909f56bfc062723c751e8b465ee728b)
Start importing Assets/Palette/GamePalette/levelSpriteSheet_13.asset using Guid(9a68b3e91eb830b4c8e4427f59c0b1db) Importer(815301076,1909f56bfc062723c751e8b465ee728b)  -> (artifact id: 'c2d17495d18702cc8a5ea339f6f3c30d') in 0.009173 seconds 
========================================================================
Received Import Request.
  Time since last request: 0.000030 seconds.
  path: Assets/Palette/GamePalette/levelSpriteSheet_23.asset
  artifactKey: Guid(f8196536585ff6a468cf9cc98306f585) Importer(815301076,1909f56bfc062723c751e8b465ee728b)
Start importing Assets/Palette/GamePalette/levelSpriteSheet_23.asset using Guid(f8196536585ff6a468cf9cc98306f585) Importer(815301076,1909f56bfc062723c751e8b465ee728b)  -> (artifact id: '8cc5ff9ff51655fc91f3c66a764e34c8') in 0.008349 seconds 
========================================================================
Received Import Request.
  Time since last request: 0.000022 seconds.
  path: Assets/Palette/GamePalette/levelSpriteSheet_37.asset
  artifactKey: Guid(107536cb57007af4786c2395a11d257e) Importer(815301076,1909f56bfc062723c751e8b465ee728b)
Start importing Assets/Palette/GamePalette/levelSpriteSheet_37.asset using Guid(107536cb57007af4786c2395a11d257e) Importer(815301076,1909f56bfc062723c751e8b465ee728b)  -> (artifact id: '164c8aeadce513c2d6be708a6378b858') in 0.009650 seconds 
========================================================================
Received Import Request.
  Time since last request: 0.000031 seconds.
  path: Assets/Palette/GamePalette/levelSpriteSheet_9.asset
  artifactKey: Guid(1985ec7f796797f40880f62657ca4f24) Importer(815301076,1909f56bfc062723c751e8b465ee728b)
Start importing Assets/Palette/GamePalette/levelSpriteSheet_9.asset using Guid(1985ec7f796797f40880f62657ca4f24) Importer(815301076,1909f56bfc062723c751e8b465ee728b)  -> (artifact id: 'a7d642d2bfc1a9100c97180996685aa2') in 0.010292 seconds 
========================================================================
Received Import Request.
  Time since last request: 0.000022 seconds.
  path: Assets/Palette/GamePalette/levelSpriteSheet_52.asset
  artifactKey: Guid(848d440f8167f0c459bb846329271a9f) Importer(815301076,1909f56bfc062723c751e8b465ee728b)
Start importing Assets/Palette/GamePalette/levelSpriteSheet_52.asset using Guid(848d440f8167f0c459bb846329271a9f) Importer(815301076,1909f56bfc062723c751e8b465ee728b)  -> (artifact id: 'e35d9de591e745d880e3fb51be9a903d') in 0.011048 seconds 
========================================================================
Received Import Request.
  Time since last request: 0.000021 seconds.
  path: Assets/Palette/GamePalette/levelSpriteSheet_27.asset
  artifactKey: Guid(dffc6e84a6b229642b9422266a8025e9) Importer(815301076,1909f56bfc062723c751e8b465ee728b)
Start importing Assets/Palette/GamePalette/levelSpriteSheet_27.asset using Guid(dffc6e84a6b229642b9422266a8025e9) Importer(815301076,1909f56bfc062723c751e8b465ee728b)  -> (artifact id: '4126777c98b0a31306b9df6ac0067245') in 0.009656 seconds 
========================================================================
Received Import Request.
  Time since last request: 0.000032 seconds.
  path: Assets/Palette/GamePalette/levelSpriteSheet_18.asset
  artifactKey: Guid(3c91ad2d94b16cd438bcae339a76888e) Importer(815301076,1909f56bfc062723c751e8b465ee728b)
Start importing Assets/Palette/GamePalette/levelSpriteSheet_18.asset using Guid(3c91ad2d94b16cd438bcae339a76888e) Importer(815301076,1909f56bfc062723c751e8b465ee728b)  -> (artifact id: 'fd9b4055cc87c7c03805cc1e7ef76b75') in 0.010470 seconds 
========================================================================
Received Import Request.
  Time since last request: 0.000029 seconds.
  path: Assets/Palette/GamePalette/levelSpriteSheet_24.asset
  artifactKey: Guid(59e203f6647fa664f843d5960f7149a6) Importer(815301076,1909f56bfc062723c751e8b465ee728b)
Start importing Assets/Palette/GamePalette/levelSpriteSheet_24.asset using Guid(59e203f6647fa664f843d5960f7149a6) Importer(815301076,1909f56bfc062723c751e8b465ee728b)  -> (artifact id: '54eea66f10718dcaa46ea4c5606d831e') in 0.010237 seconds 
========================================================================
Received Import Request.
  Time since last request: 0.000041 seconds.
  path: Assets/Palette/GamePalette/levelSpriteSheet_42.asset
  artifactKey: Guid(31e6a70ef4260c74f849128e467ac13c) Importer(815301076,1909f56bfc062723c751e8b465ee728b)
Start importing Assets/Palette/GamePalette/levelSpriteSheet_42.asset using Guid(31e6a70ef4260c74f849128e467ac13c) Importer(815301076,1909f56bfc062723c751e8b465ee728b)  -> (artifact id: 'dbd34f41e769227e5c64aae6b2f200ed') in 0.008669 seconds 
========================================================================
Received Import Request.
  Time since last request: 0.000035 seconds.
  path: Assets/Palette/GamePalette/levelSpriteSheet_33.asset
  artifactKey: Guid(1fcd66bfb6b557e45a48549f6ca4f7a2) Importer(815301076,1909f56bfc062723c751e8b465ee728b)
Start importing Assets/Palette/GamePalette/levelSpriteSheet_33.asset using Guid(1fcd66bfb6b557e45a48549f6ca4f7a2) Importer(815301076,1909f56bfc062723c751e8b465ee728b)  -> (artifact id: 'ac910b3e3811f1c1923c44f452c10ad6') in 0.009116 seconds 
========================================================================
Received Import Request.
  Time since last request: 0.000026 seconds.
  path: Assets/Palette/GamePalette/levelSpriteSheet_44.asset
  artifactKey: Guid(acb7fc2a54e612c438641cf3ec00fe3f) Importer(815301076,1909f56bfc062723c751e8b465ee728b)
Start importing Assets/Palette/GamePalette/levelSpriteSheet_44.asset using Guid(acb7fc2a54e612c438641cf3ec00fe3f) Importer(815301076,1909f56bfc062723c751e8b465ee728b)  -> (artifact id: '86913e824bbb2a4a1a1c6b54e96bc4ec') in 0.009660 seconds 
========================================================================
Received Import Request.
  Time since last request: 0.000047 seconds.
  path: Assets/Palette/GamePalette/levelSpriteSheet_2.asset
  artifactKey: Guid(5931a5983753d4b45932af6f6afe6089) Importer(815301076,1909f56bfc062723c751e8b465ee728b)
Start importing Assets/Palette/GamePalette/levelSpriteSheet_2.asset using Guid(5931a5983753d4b45932af6f6afe6089) Importer(815301076,1909f56bfc062723c751e8b465ee728b)  -> (artifact id: '4babd9db85a04a5b2515ef3119c808a4') in 0.009247 seconds 
========================================================================
Received Import Request.
  Time since last request: 0.000027 seconds.
  path: Assets/Palette/GamePalette/levelSpriteSheet_14.asset
  artifactKey: Guid(73dba94248869e142a4588390a276af5) Importer(815301076,1909f56bfc062723c751e8b465ee728b)
Start importing Assets/Palette/GamePalette/levelSpriteSheet_14.asset using Guid(73dba94248869e142a4588390a276af5) Importer(815301076,1909f56bfc062723c751e8b465ee728b)  -> (artifact id: 'e054ee807d3124c83effb786e859f962') in 0.009403 seconds 
========================================================================
Received Import Request.
  Time since last request: 0.000022 seconds.
  path: Assets/Palette/GamePalette/levelSpriteSheet_10.asset
  artifactKey: Guid(0b02e1658d68f0747b671eb3ad0fe5d7) Importer(815301076,1909f56bfc062723c751e8b465ee728b)
Start importing Assets/Palette/GamePalette/levelSpriteSheet_10.asset using Guid(0b02e1658d68f0747b671eb3ad0fe5d7) Importer(815301076,1909f56bfc062723c751e8b465ee728b)  -> (artifact id: '987d6b7d1038d10dfeb820bbdbc04510') in 0.010717 seconds 
========================================================================
Received Import Request.
  Time since last request: 0.000023 seconds.
  path: Assets/Palette/GamePalette/levelSpriteSheet_16.asset
  artifactKey: Guid(052c951e1ad7c1c4c9ccc8cd7f942477) Importer(815301076,1909f56bfc062723c751e8b465ee728b)
Start importing Assets/Palette/GamePalette/levelSpriteSheet_16.asset using Guid(052c951e1ad7c1c4c9ccc8cd7f942477) Importer(815301076,1909f56bfc062723c751e8b465ee728b)  -> (artifact id: 'bde17100bf0dd8fcb5afd8b63e19964b') in 0.008060 seconds 
========================================================================
Received Import Request.
  Time since last request: 0.000027 seconds.
  path: Assets/Palette/GamePalette/levelSpriteSheet_36.asset
  artifactKey: Guid(67c37679bffd8d44db081fc53a894b6c) Importer(815301076,1909f56bfc062723c751e8b465ee728b)
Start importing Assets/Palette/GamePalette/levelSpriteSheet_36.asset using Guid(67c37679bffd8d44db081fc53a894b6c) Importer(815301076,1909f56bfc062723c751e8b465ee728b)  -> (artifact id: '835b18efb5cdccdc5943d3ce3d5f2162') in 0.008205 seconds 
========================================================================
Received Import Request.
  Time since last request: 0.000030 seconds.
  path: Assets/Palette/GamePalette/levelSpriteSheet_50.asset
  artifactKey: Guid(e986c82962d9e604c9b51d6624296b14) Importer(815301076,1909f56bfc062723c751e8b465ee728b)
Start importing Assets/Palette/GamePalette/levelSpriteSheet_50.asset using Guid(e986c82962d9e604c9b51d6624296b14) Importer(815301076,1909f56bfc062723c751e8b465ee728b)  -> (artifact id: '6e513666f6e96f90dfcf92ab50dacfa2') in 0.008037 seconds 
========================================================================
Received Import Request.
  Time since last request: 0.000028 seconds.
  path: Assets/Palette/GamePalette/levelSpriteSheet_31.asset
  artifactKey: Guid(88b69b907e9d2aa4e8e837472a525bb8) Importer(815301076,1909f56bfc062723c751e8b465ee728b)
Start importing Assets/Palette/GamePalette/levelSpriteSheet_31.asset using Guid(88b69b907e9d2aa4e8e837472a525bb8) Importer(815301076,1909f56bfc062723c751e8b465ee728b)  -> (artifact id: 'bf85d54a235530d2fb6c18d957a6a54a') in 0.008313 seconds 
========================================================================
Received Import Request.
  Time since last request: 0.000027 seconds.
  path: Assets/Palette/GamePalette/levelSpriteSheet_25.asset
  artifactKey: Guid(826400b04d526594fae5e9eba08419ed) Importer(815301076,1909f56bfc062723c751e8b465ee728b)
Start importing Assets/Palette/GamePalette/levelSpriteSheet_25.asset using Guid(826400b04d526594fae5e9eba08419ed) Importer(815301076,1909f56bfc062723c751e8b465ee728b)  -> (artifact id: 'b4bdbe3afeebd7201808afcd405b1480') in 0.010894 seconds 
========================================================================
Received Import Request.
  Time since last request: 0.000025 seconds.
  path: Assets/Palette/GamePalette/levelSpriteSheet_4.asset
  artifactKey: Guid(0cfb06eee57cb9645aa3bb69092fe7ad) Importer(815301076,1909f56bfc062723c751e8b465ee728b)
Start importing Assets/Palette/GamePalette/levelSpriteSheet_4.asset using Guid(0cfb06eee57cb9645aa3bb69092fe7ad) Importer(815301076,1909f56bfc062723c751e8b465ee728b)  -> (artifact id: '1e1a51ee82cd4084ebf261349311e0a6') in 0.008441 seconds 
========================================================================
Received Import Request.
  Time since last request: 0.000021 seconds.
  path: Assets/Palette/GamePalette/levelSpriteSheet_35.asset
  artifactKey: Guid(6f109f74bfa6ecb4eb711140e0a00581) Importer(815301076,1909f56bfc062723c751e8b465ee728b)
Start importing Assets/Palette/GamePalette/levelSpriteSheet_35.asset using Guid(6f109f74bfa6ecb4eb711140e0a00581) Importer(815301076,1909f56bfc062723c751e8b465ee728b)  -> (artifact id: '7304d0d74a0667d13973995284d17649') in 0.009171 seconds 
========================================================================
Received Import Request.
  Time since last request: 0.000025 seconds.
  path: Assets/Palette/GamePalette/levelSpriteSheet_22.asset
  artifactKey: Guid(e719c406164b8b24d854b06a797a3d90) Importer(815301076,1909f56bfc062723c751e8b465ee728b)
Start importing Assets/Palette/GamePalette/levelSpriteSheet_22.asset using Guid(e719c406164b8b24d854b06a797a3d90) Importer(815301076,1909f56bfc062723c751e8b465ee728b)  -> (artifact id: '1c6e5f7ae5850b5bf385c8f04e1b8aa8') in 0.008293 seconds 
========================================================================
Received Import Request.
  Time since last request: 0.000024 seconds.
  path: Assets/Palette/GamePalette/levelSpriteSheet_5.asset
  artifactKey: Guid(616f7d2d723871840aca9d310119fa48) Importer(815301076,1909f56bfc062723c751e8b465ee728b)
Start importing Assets/Palette/GamePalette/levelSpriteSheet_5.asset using Guid(616f7d2d723871840aca9d310119fa48) Importer(815301076,1909f56bfc062723c751e8b465ee728b)  -> (artifact id: 'b0b411630a2034ae16ecee945c8ff91b') in 0.008126 seconds 
========================================================================
Received Import Request.
  Time since last request: 17.534342 seconds.
  path: Assets/Palette/GamePalette
  artifactKey: Guid(92ecb5a54744ea94e9aff756205af8b1) Importer(815301076,1909f56bfc062723c751e8b465ee728b)
Start importing Assets/Palette/GamePalette using Guid(92ecb5a54744ea94e9aff756205af8b1) Importer(815301076,1909f56bfc062723c751e8b465ee728b)  -> (artifact id: '2b529f8033313dd482e69816c4945fcf') in 0.002025 seconds 
========================================================================
Received Prepare
Registering precompiled user dll's ...
Registered in 0.012716 seconds.
Begin MonoManager ReloadAssembly
Symbol file LoadedFromMemory doesn't match image C:\Users\matth\Desktop\Unity Projects\BrackeysJam2023\Brackeys-Jam-2023-Diving-Deep\Brackeys Jam 2023\Library\PackageCache\com.unity.visualscripting@1.7.8\Editor\VisualScripting.Core\Dependencies\YamlDotNet\Unity.VisualScripting.YamlDotNet.dll
Symbol file LoadedFromMemory doesn't match image C:\Users\matth\Desktop\Unity Projects\BrackeysJam2023\Brackeys-Jam-2023-Diving-Deep\Brackeys Jam 2023\Library\PackageCache\com.unity.visualscripting@1.7.8\Editor\VisualScripting.Core\Dependencies\DotNetZip\Unity.VisualScripting.IonicZip.dll
Native extension for WindowsStandalone target not found
Refreshing native plugins compatible for Editor in 1.03 ms, found 4 plugins.
Preloading 0 native plugins for Editor in 0.00 ms.
Mono: successfully reloaded assembly
- Completed reload, in  1.591 seconds
Domain Reload Profiling:
	ReloadAssembly (1592ms)
		BeginReloadAssembly (220ms)
			ExecutionOrderSort (0ms)
			DisableScriptedObjects (14ms)
			BackupInstance (0ms)
			ReleaseScriptingObjects (0ms)
			CreateAndSetChildDomain (55ms)
		EndReloadAssembly (1216ms)
			LoadAssemblies (152ms)
			RebuildTransferFunctionScriptingTraits (0ms)
			SetupTypeCache (351ms)
			ReleaseScriptCaches (3ms)
			RebuildScriptCaches (67ms)
			SetupLoadedEditorAssemblies (572ms)
				LogAssemblyErrors (0ms)
				InitializePlatformSupportModulesInManaged (18ms)
				SetLoadedEditorAssemblies (1ms)
				RefreshPlugins (1ms)
				BeforeProcessingInitializeOnLoad (129ms)
				ProcessInitializeOnLoadAttributes (298ms)
				ProcessInitializeOnLoadMethodAttributes (113ms)
				AfterProcessingInitializeOnLoad (13ms)
				EditorAssembliesLoaded (0ms)
			ExecutionOrderSort2 (0ms)
			AwakeInstancesAfterBackupRestoration (16ms)
Platform modules already initialized, skipping
Refreshing native plugins compatible for Editor in 3.70 ms, found 4 plugins.
Preloading 0 native plugins for Editor in 0.00 ms.
Unloading 5428 Unused Serialized files (Serialized files now loaded: 0)
Unloading 42 unused Assets / (1.1 MB). Loaded Objects now: 6127.
Memory consumption went from 230.2 MB to 229.1 MB.
Total: 4.375500 ms (FindLiveObjects: 0.464200 ms CreateObjectMapping: 0.382600 ms MarkObjects: 3.041200 ms  DeleteObjects: 0.486700 ms)

AssetImportParameters requested are different than current active one (requested -> active):
  custom:video-decoder-ogg-theora: a1e56fd34408186e4bbccfd4996cb3dc -> 
  custom:container-muxer-webm: aa71ff27fc2769a1b78a27578f13a17b -> 
  custom:container-demuxer-webm: 4f35f7cbe854078d1ac9338744f61a02 -> 
  custom:video-encoder-webm-vp8: eb34c28f22e8b96e1ab97ce403110664 -> 
  custom:audio-encoder-webm-vorbis: bf7c407c2cedff20999df2af8eb42d56 -> 
  custom:framework-win-MediaFoundation: 216162199b28c13a410421893ffa2e32 -> 
  custom:container-demuxer-ogg: 62fdf1f143b41e24485cea50d1cbac27 -> 
  custom:video-decoder-webm-vp8: 9c59270c3fd7afecdb556c50c9e8de78 -> 
  custom:audio-decoder-ogg-vorbis: bf7c407c2cedff20999df2af8eb42d56 -> 
========================================================================
Received Prepare
Registering precompiled user dll's ...
Registered in 0.010232 seconds.
Begin MonoManager ReloadAssembly
Symbol file LoadedFromMemory doesn't match image C:\Users\matth\Desktop\Unity Projects\BrackeysJam2023\Brackeys-Jam-2023-Diving-Deep\Brackeys Jam 2023\Library\PackageCache\com.unity.visualscripting@1.7.8\Editor\VisualScripting.Core\Dependencies\YamlDotNet\Unity.VisualScripting.YamlDotNet.dll
Symbol file LoadedFromMemory doesn't match image C:\Users\matth\Desktop\Unity Projects\BrackeysJam2023\Brackeys-Jam-2023-Diving-Deep\Brackeys Jam 2023\Library\PackageCache\com.unity.visualscripting@1.7.8\Editor\VisualScripting.Core\Dependencies\DotNetZip\Unity.VisualScripting.IonicZip.dll
Native extension for WindowsStandalone target not found
Refreshing native plugins compatible for Editor in 1.00 ms, found 4 plugins.
Preloading 0 native plugins for Editor in 0.00 ms.
Mono: successfully reloaded assembly
- Completed reload, in  1.576 seconds
Domain Reload Profiling:
	ReloadAssembly (1577ms)
		BeginReloadAssembly (158ms)
			ExecutionOrderSort (0ms)
			DisableScriptedObjects (7ms)
			BackupInstance (0ms)
			ReleaseScriptingObjects (0ms)
			CreateAndSetChildDomain (41ms)
		EndReloadAssembly (1243ms)
			LoadAssemblies (133ms)
			RebuildTransferFunctionScriptingTraits (0ms)
			SetupTypeCache (387ms)
			ReleaseScriptCaches (2ms)
			RebuildScriptCaches (68ms)
			SetupLoadedEditorAssemblies (549ms)
				LogAssemblyErrors (0ms)
				InitializePlatformSupportModulesInManaged (17ms)
				SetLoadedEditorAssemblies (1ms)
				RefreshPlugins (1ms)
				BeforeProcessingInitializeOnLoad (125ms)
				ProcessInitializeOnLoadAttributes (285ms)
				ProcessInitializeOnLoadMethodAttributes (108ms)
				AfterProcessingInitializeOnLoad (12ms)
				EditorAssembliesLoaded (0ms)
			ExecutionOrderSort2 (0ms)
			AwakeInstancesAfterBackupRestoration (17ms)
Platform modules already initialized, skipping
Refreshing native plugins compatible for Editor in 3.64 ms, found 4 plugins.
Preloading 0 native plugins for Editor in 0.00 ms.
Unloading 5428 Unused Serialized files (Serialized files now loaded: 0)
Unloading 42 unused Assets / (1.1 MB). Loaded Objects now: 6130.
Memory consumption went from 230.1 MB to 229.1 MB.
Total: 4.300300 ms (FindLiveObjects: 0.460400 ms CreateObjectMapping: 0.426500 ms MarkObjects: 2.879000 ms  DeleteObjects: 0.533600 ms)

AssetImportParameters requested are different than current active one (requested -> active):
  custom:video-decoder-ogg-theora: a1e56fd34408186e4bbccfd4996cb3dc -> 
  custom:container-muxer-webm: aa71ff27fc2769a1b78a27578f13a17b -> 
  custom:container-demuxer-webm: 4f35f7cbe854078d1ac9338744f61a02 -> 
  custom:video-encoder-webm-vp8: eb34c28f22e8b96e1ab97ce403110664 -> 
  custom:audio-encoder-webm-vorbis: bf7c407c2cedff20999df2af8eb42d56 -> 
  custom:framework-win-MediaFoundation: 216162199b28c13a410421893ffa2e32 -> 
  custom:container-demuxer-ogg: 62fdf1f143b41e24485cea50d1cbac27 -> 
  custom:video-decoder-webm-vp8: 9c59270c3fd7afecdb556c50c9e8de78 -> 
  custom:audio-decoder-ogg-vorbis: bf7c407c2cedff20999df2af8eb42d56 -> 
